<?xml version="1.0" encoding="UTF-8"?>
<!-- Generated by org.testng.reporters.JUnitXMLReporter -->
<testsuite hostname="Veeranti" ignored="0" name="Free CRM App Test Cases" tests="62" failures="1" timestamp="25 Jul 2018 08:00:58 GMT" time="2344.673" errors="0">
  <testcase name="verifyLoginPageTitleTest" time="0.02" classname="com.HRM.testcases.LoginPageTest"/>
  <testcase name="verifyHomePageTitleTest" time="0.023" classname="com.HRM.testcases.AdminHomePageTest"/>
  <testcase name="verifyAdminPageHeaderTest" time="0.098" classname="com.HRM.testcases.AdminModulePageTest"/>
  <testcase name="verifyPIMPageHeaderTest" time="0.08" classname="com.HRM.testcases.PIMPageTest"/>
  <testcase name="verifyLeavePageHeaderTest" time="0.091" classname="com.HRM.testcases.LeavePageTest"/>
  <testcase name="verifyAddRoleTest" time="1.437" classname="com.HRM.testcases.UsersPageTest"/>
  <testcase name="verifyLoginPageLogoTest" time="0.095" classname="com.HRM.testcases.LoginPageTest"/>
  <testcase name="verifyHomeLogoTest" time="0.118" classname="com.HRM.testcases.AdminHomePageTest"/>
  <testcase name="verifyClickonUsersMenuTest" time="1.59" classname="com.HRM.testcases.AdminModulePageTest"/>
  <testcase name="verifyOptionalFieldsMenuTest" time="2.899" classname="com.HRM.testcases.PIMPageTest"/>
  <testcase name="verifyAddEntitlementsMenuTest" time="1.581" classname="com.HRM.testcases.LeavePageTest"/>
  <testcase name="verifyDeleteRoleTest" time="0.281" classname="com.HRM.testcases.UsersPageTest"/>
  <testcase name="verifyAdminCredintialsTest" time="3.668" classname="com.HRM.testcases.LoginPageTest"/>
  <testcase name="verifyAdminHomePageUserTest" time="0.061" classname="com.HRM.testcases.AdminHomePageTest"/>
  <testcase name="verifyJobTitlesMenuTest" time="2.133" classname="com.HRM.testcases.AdminModulePageTest"/>
  <testcase name="verifyCustomFieldsMenuTest" time="1.561" classname="com.HRM.testcases.PIMPageTest"/>
  <testcase name="verifyEmployeeEntitlementsMenuTest" time="1.548" classname="com.HRM.testcases.LeavePageTest"/>
  <testcase name="verifyUserRoleDataTest" time="1.105" classname="com.HRM.testcases.UsersPageTest"/>
  <testcase name="verifyUserCredintialsTest" time="1.321" classname="com.HRM.testcases.LoginPageTest"/>
  <testcase name="verifyAdminAboutLinkTest" time="2.511" classname="com.HRM.testcases.AdminHomePageTest"/>
  <testcase name="verifyPayGradesMenuTest" time="2.67" classname="com.HRM.testcases.AdminModulePageTest"/>
  <testcase name="verifyEmpDataImportMenuTest" time="1.269" classname="com.HRM.testcases.PIMPageTest"/>
  <testcase name="verifyLeaveUsageReportMenuTest" time="1.624" classname="com.HRM.testcases.LeavePageTest"/>
  <testcase name="verifyAdminChangePasswordLinkTest" time="0.13" classname="com.HRM.testcases.AdminHomePageTest"/>
  <testcase name="verifyEmploymentStatusMenuTest" time="1.314" classname="com.HRM.testcases.AdminModulePageTest"/>
  <testcase name="verifyJobCategoriesMenuTest" time="1.768" classname="com.HRM.testcases.AdminModulePageTest"/>
  <testcase name="verifyWorkShiftsMenuTest" time="1.547" classname="com.HRM.testcases.AdminModulePageTest"/>
  <testcase name="verifyReportingMethodsMenuTest" time="1.093" classname="com.HRM.testcases.PIMPageTest"/>
  <testcase name="verifyLeavePeriodMenuTest" time="1.149" classname="com.HRM.testcases.LeavePageTest"/>
  <testcase name="verifyAdminLogoutLinkTest" time="3.315" classname="com.HRM.testcases.AdminHomePageTest">
    <failure type="org.openqa.selenium.ElementNotVisibleException" message="element not visible
  (Session info: chrome=66.0.3359.139)
  (Driver info: chromedriver=2.36.540470 (e522d04694c7ebea4ba8821272dbef4f9b818c91),platform=Windows NT 6.2.9200 x86) (WARNING: The server did not provide any stacktrace information)
Command duration or timeout: 0 milliseconds
Build info: version: &amp;apos;3.5.3&amp;apos;, revision: &amp;apos;a88d25fe6b&amp;apos;, time: &amp;apos;2017-08-29T12:42:44.417Z&amp;apos;
System info: host: &amp;apos;VEERANTI&amp;apos;, ip: &amp;apos;192.168.0.9&amp;apos;, os.name: &amp;apos;Windows 8&amp;apos;, os.arch: &amp;apos;x86&amp;apos;, os.version: &amp;apos;6.2&amp;apos;, java.version: &amp;apos;1.8.0_71&amp;apos;
Driver info: org.openqa.selenium.chrome.ChromeDriver
Capabilities [{mobileEmulationEnabled=false, hasTouchScreen=false, platform=WIN8, acceptSslCerts=false, acceptInsecureCerts=false, webStorageEnabled=true, browserName=chrome, takesScreenshot=true, javascriptEnabled=true, platformName=WIN8, setWindowRect=true, unexpectedAlertBehaviour=, applicationCacheEnabled=false, rotatable=false, networkConnectionEnabled=false, chrome={chromedriverVersion=2.36.540470 (e522d04694c7ebea4ba8821272dbef4f9b818c91), userDataDir=C:\Users\ramya\AppData\Local\Temp\scoped_dir8596_20581}, takesHeapSnapshot=true, pageLoadStrategy=normal, unhandledPromptBehavior=, databaseEnabled=false, handlesAlerts=true, version=66.0.3359.139, browserConnectionEnabled=false, nativeEvents=true, locationContextEnabled=true, cssSelectorsEnabled=true}]
Session ID: 67c508562e67368956a34b488c229f94">
      <![CDATA[org.openqa.selenium.ElementNotVisibleException: element not visible
  (Session info: chrome=66.0.3359.139)
  (Driver info: chromedriver=2.36.540470 (e522d04694c7ebea4ba8821272dbef4f9b818c91),platform=Windows NT 6.2.9200 x86) (WARNING: The server did not provide any stacktrace information)
Command duration or timeout: 0 milliseconds
Build info: version: '3.5.3', revision: 'a88d25fe6b', time: '2017-08-29T12:42:44.417Z'
System info: host: 'VEERANTI', ip: '192.168.0.9', os.name: 'Windows 8', os.arch: 'x86', os.version: '6.2', java.version: '1.8.0_71'
Driver info: org.openqa.selenium.chrome.ChromeDriver
Capabilities [{mobileEmulationEnabled=false, hasTouchScreen=false, platform=WIN8, acceptSslCerts=false, acceptInsecureCerts=false, webStorageEnabled=true, browserName=chrome, takesScreenshot=true, javascriptEnabled=true, platformName=WIN8, setWindowRect=true, unexpectedAlertBehaviour=, applicationCacheEnabled=false, rotatable=false, networkConnectionEnabled=false, chrome={chromedriverVersion=2.36.540470 (e522d04694c7ebea4ba8821272dbef4f9b818c91), userDataDir=C:\Users\ramya\AppData\Local\Temp\scoped_dir8596_20581}, takesHeapSnapshot=true, pageLoadStrategy=normal, unhandledPromptBehavior=, databaseEnabled=false, handlesAlerts=true, version=66.0.3359.139, browserConnectionEnabled=false, nativeEvents=true, locationContextEnabled=true, cssSelectorsEnabled=true}]
Session ID: 67c508562e67368956a34b488c229f94
	at org.openqa.selenium.remote.ErrorHandler.createThrowable(ErrorHandler.java:215)
	at org.openqa.selenium.remote.ErrorHandler.throwIfResponseFailed(ErrorHandler.java:167)
	at org.openqa.selenium.remote.http.JsonHttpResponseCodec.reconstructValue(JsonHttpResponseCodec.java:40)
	at org.openqa.selenium.remote.http.AbstractHttpResponseCodec.decode(AbstractHttpResponseCodec.java:82)
	at org.openqa.selenium.remote.http.AbstractHttpResponseCodec.decode(AbstractHttpResponseCodec.java:45)
	at org.openqa.selenium.remote.HttpCommandExecutor.execute(HttpCommandExecutor.java:164)
	at org.openqa.selenium.remote.service.DriverCommandExecutor.execute(DriverCommandExecutor.java:82)
	at org.openqa.selenium.remote.RemoteWebDriver.execute(RemoteWebDriver.java:646)
	at org.openqa.selenium.remote.RemoteWebElement.execute(RemoteWebElement.java:275)
	at org.openqa.selenium.remote.RemoteWebElement.click(RemoteWebElement.java:82)
	at org.openqa.selenium.support.events.EventFiringWebDriver$EventFiringWebElement$1.invoke(EventFiringWebDriver.java:350)
	at com.sun.proxy.$Proxy12.click(Unknown Source)
	at org.openqa.selenium.support.events.EventFiringWebDriver$EventFiringWebElement.click(EventFiringWebDriver.java:363)
	at org.openqa.selenium.support.pagefactory.internal.LocatingElementHandler.invoke(LocatingElementHandler.java:51)
	at com.sun.proxy.$Proxy11.click(Unknown Source)
	at com.HRM.pages.AdminHomePage.clickOnLogoutLink(AdminHomePage.java:96)
	at com.HRM.testcases.AdminHomePageTest.verifyAdminLogoutLinkTest(AdminHomePageTest.java:71)
... Removed 35 stack frames]]>
    </failure>
  </testcase> <!-- verifyAdminLogoutLinkTest -->
  <testcase name="verifyGeneralInfoMenuTest" time="1.921" classname="com.HRM.testcases.AdminModulePageTest"/>
  <testcase name="verifyTerminationsReasonsMenuTest" time="1.202" classname="com.HRM.testcases.PIMPageTest"/>
  <testcase name="verifyLeaveTypesMenuTest" time="1.099" classname="com.HRM.testcases.LeavePageTest"/>
  <testcase name="verifyAdminPageLinkTest" time="2.374" classname="com.HRM.testcases.AdminHomePageTest"/>
  <testcase name="verifyLocationsMenuTest" time="1.411" classname="com.HRM.testcases.AdminModulePageTest"/>
  <testcase name="verifyEmployeeListMenuTest" time="1.362" classname="com.HRM.testcases.PIMPageTest"/>
  <testcase name="verifyWorkWeekPageMenuTest" time="1.188" classname="com.HRM.testcases.LeavePageTest"/>
  <testcase name="verifyPIMPageLinkTest" time="2.985" classname="com.HRM.testcases.AdminHomePageTest"/>
  <testcase name="verifyStructureMenuTest" time="1.359" classname="com.HRM.testcases.AdminModulePageTest"/>
  <testcase name="verifyAddEmployeeMenuTest" time="1.431" classname="com.HRM.testcases.PIMPageTest"/>
  <testcase name="verifyHolidaysMenuTest" time="1.257" classname="com.HRM.testcases.LeavePageTest"/>
  <testcase name="verifyLeavePageLinkTest" time="4.384" classname="com.HRM.testcases.AdminHomePageTest"/>
  <testcase name="verifySkillsMenuTest" time="1.534" classname="com.HRM.testcases.AdminModulePageTest"/>
  <testcase name="verifyReportsMenuTest" time="1.293" classname="com.HRM.testcases.PIMPageTest"/>
  <testcase name="verifyLeaveLeaveListMenuTest" time="1.513" classname="com.HRM.testcases.LeavePageTest"/>
  <testcase name="verifyTimePageLinkTest" time="2.28" classname="com.HRM.testcases.AdminHomePageTest"/>
  <testcase name="verifyAssignLeaveMenuTest" time="1.514" classname="com.HRM.testcases.LeavePageTest"/>
  <testcase name="verifyEducationMenuTest" time="1.591" classname="com.HRM.testcases.AdminModulePageTest"/>
  <testcase name="verifyRecruitmentPageLinkTest" time="4.326" classname="com.HRM.testcases.AdminHomePageTest"/>
  <testcase name="verifyLicensesMenuTest" time="1.274" classname="com.HRM.testcases.AdminModulePageTest"/>
  <testcase name="verifyPerformancePageLinkTest" time="0.207" classname="com.HRM.testcases.AdminHomePageTest"/>
  <testcase name="verifyLanguagesMenuTest" time="1.375" classname="com.HRM.testcases.AdminModulePageTest"/>
  <testcase name="verifyAdminDashboardLinkTest" time="2.955" classname="com.HRM.testcases.AdminHomePageTest"/>
  <testcase name="verifyMembershipsMenuTest" time="1.548" classname="com.HRM.testcases.AdminModulePageTest"/>
  <testcase name="verifyDirectoryPageLinkTest" time="5.281" classname="com.HRM.testcases.AdminHomePageTest"/>
  <testcase name="verifyNationalitiesMenuTest" time="2.596" classname="com.HRM.testcases.AdminModulePageTest"/>
  <testcase name="verifyEmailConfigMenuTest" time="1.353" classname="com.HRM.testcases.AdminModulePageTest"/>
  <testcase name="verifyEmailNotifyMenuTest" time="1.428" classname="com.HRM.testcases.AdminModulePageTest"/>
  <testcase name="verifyLocalizationMenuTest" time="1.496" classname="com.HRM.testcases.AdminModulePageTest"/>
  <testcase name="verifyModulesMenuTest" time="1.376" classname="com.HRM.testcases.AdminModulePageTest"/>
  <testcase name="verifySocialMediaMenuTest" time="1.632" classname="com.HRM.testcases.AdminModulePageTest"/>
  <testcase name="verifyOAuthClientMenuTest" time="1.634" classname="com.HRM.testcases.AdminModulePageTest"/>
</testsuite> <!-- Free CRM App Test Cases -->
